<?xml version="1.0" encoding="UTF-8"?>
<!-- Generated by org.testng.reporters.JUnitXMLReporter -->
<testsuite hostname="DESKTOP-RLI4FS8" ignored="0" name="Default test" tests="5" failures="0" timestamp="19 Mar 2019 15:39:48 GMT" time="0.129" errors="0">
  <testcase name="a" time="0.023" classname="basics.Main1"/>
  <testcase name="b" time="0.004" classname="basics.Main1"/>
  <testcase name="c" time="0.003" classname="basics.Main1"/>
  <testcase name="d" time="0.004" classname="basics.Main1"/>
  <testcase name="e" time="0.005" classname="basics.Main1"/>
</testsuite> <!-- Default test -->
