<?xml version="1.0" encoding="UTF-8"?>
<!-- Generated by org.testng.reporters.JUnitXMLReporter -->
<testsuite hostname="DESKTOP-RLI4FS8" ignored="5" name="Test" tests="5" failures="0" timestamp="19 Mar 2019 17:34:23 GMT" time="0.103" errors="0">
  <testcase name="a" time="0.016" classname="basics.Main1"/>
  <testcase name="b" time="0.0" classname="basics.Main1"/>
  <testcase name="f" time="0.0" classname="basics.Main2"/>
  <testcase name="h" time="0.0" classname="basics.Main2"/>
  <testcase name="i" time="0.015" classname="basics.Main2"/>
  <testcase name="e" time="0.0" classname="basics.Main1">
    <ignored/>
  </testcase> <!-- e -->
  <testcase name="j" time="0.0" classname="basics.Main2">
    <ignored/>
  </testcase> <!-- j -->
  <testcase name="g" time="0.0" classname="basics.Main2">
    <ignored/>
  </testcase> <!-- g -->
  <testcase name="c" time="0.0" classname="basics.Main1">
    <ignored/>
  </testcase> <!-- c -->
  <testcase name="d" time="0.0" classname="basics.Main1">
    <ignored/>
  </testcase> <!-- d -->
</testsuite> <!-- Test -->
