<?xml version="1.0" encoding="UTF-8"?>
<testng-results skipped="0" failed="0" ignored="5" total="10" passed="5">
  <reporter-output>
    <line>
      <![CDATA[a() of Main1]]>
    </line>
    <line>
      <![CDATA[b() of Main1]]>
    </line>
    <line>
      <![CDATA[f() of Main2]]>
    </line>
    <line>
      <![CDATA[h() of Main2]]>
    </line>
    <line>
      <![CDATA[i() of Main2]]>
    </line>
  </reporter-output>
  <suite name="Suite" duration-ms="103" started-at="2019-03-19T17:34:23Z" finished-at="2019-03-19T17:34:23Z">
    <groups>
      <group name="fsm">
        <method signature="Main2.f()[pri:0, instance:basics.Main2@36d4b5c]" name="f" class="basics.Main2"/>
      </group> <!-- fsm -->
      <group name="ism">
        <method signature="Main2.i()[pri:0, instance:basics.Main2@36d4b5c]" name="i" class="basics.Main2"/>
      </group> <!-- ism -->
      <group name="re">
        <method signature="Main1.a()[pri:0, instance:basics.Main1@100fc185]" name="a" class="basics.Main1"/>
        <method signature="Main2.h()[pri:0, instance:basics.Main2@36d4b5c]" name="h" class="basics.Main2"/>
        <method signature="Main2.i()[pri:0, instance:basics.Main2@36d4b5c]" name="i" class="basics.Main2"/>
      </group> <!-- re -->
      <group name="hsm">
        <method signature="Main2.h()[pri:0, instance:basics.Main2@36d4b5c]" name="h" class="basics.Main2"/>
      </group> <!-- hsm -->
      <group name="asm">
        <method signature="Main1.a()[pri:0, instance:basics.Main1@100fc185]" name="a" class="basics.Main1"/>
      </group> <!-- asm -->
      <group name="bsm">
        <method signature="Main1.b()[pri:0, instance:basics.Main1@100fc185]" name="b" class="basics.Main1"/>
      </group> <!-- bsm -->
    </groups>
    <test name="Test" duration-ms="103" started-at="2019-03-19T17:34:23Z" finished-at="2019-03-19T17:34:23Z">
      <class name="basics.Main2">
        <test-method status="PASS" signature="f()[pri:0, instance:basics.Main2@36d4b5c]" name="f" duration-ms="0" started-at="2019-03-19T17:34:23Z" finished-at="2019-03-19T17:34:23Z">
          <reporter-output>
            <line>
              <![CDATA[f() of Main2]]>
            </line>
          </reporter-output>
        </test-method> <!-- f -->
        <test-method status="PASS" signature="i()[pri:0, instance:basics.Main2@36d4b5c]" name="i" duration-ms="15" started-at="2019-03-19T17:34:23Z" finished-at="2019-03-19T17:34:23Z">
          <reporter-output>
            <line>
              <![CDATA[i() of Main2]]>
            </line>
          </reporter-output>
        </test-method> <!-- i -->
        <test-method status="PASS" signature="h()[pri:0, instance:basics.Main2@36d4b5c]" name="h" duration-ms="0" started-at="2019-03-19T17:34:23Z" finished-at="2019-03-19T17:34:23Z">
          <reporter-output>
            <line>
              <![CDATA[h() of Main2]]>
            </line>
          </reporter-output>
        </test-method> <!-- h -->
      </class> <!-- basics.Main2 -->
      <class name="basics.Main1">
        <test-method status="PASS" signature="a()[pri:0, instance:basics.Main1@100fc185]" name="a" duration-ms="16" started-at="2019-03-19T17:34:23Z" finished-at="2019-03-19T17:34:23Z">
          <reporter-output>
            <line>
              <![CDATA[a() of Main1]]>
            </line>
          </reporter-output>
        </test-method> <!-- a -->
        <test-method status="PASS" signature="b()[pri:0, instance:basics.Main1@100fc185]" name="b" duration-ms="0" started-at="2019-03-19T17:34:23Z" finished-at="2019-03-19T17:34:23Z">
          <reporter-output>
            <line>
              <![CDATA[b() of Main1]]>
            </line>
          </reporter-output>
        </test-method> <!-- b -->
      </class> <!-- basics.Main1 -->
    </test> <!-- Test -->
  </suite> <!-- Suite -->
</testng-results>
